2026-04-02 21:23:01,495 - INFO - Initializing MySnapshotApp...
2026-04-02 21:23:01,516 - INFO - System Tray Icon visible.
2026-04-02 21:23:01,517 - INFO - Starting Global Hotkey Listener...
2026-04-02 21:23:01,523 - INFO - Hotkey listener started successfully.
2026-04-02 21:23:09,983 - INFO - Hotkey Ctrl+Alt+S detected
2026-04-02 21:23:09,983 - INFO - Initiating Area Capture...
2026-04-02 21:23:20,877 - INFO - Collection switched to: Default
2026-04-02 21:23:23,871 - INFO - Initiating Area Capture...
2026-04-02 21:26:38,192 - INFO - Initializing MySnapshotApp...
2026-04-02 21:26:38,216 - INFO - System Tray Icon visible.
2026-04-02 21:26:38,221 - INFO - Starting Global Hotkey Listener...
2026-04-02 21:26:38,227 - INFO - Hotkey listener started successfully.
2026-04-02 21:26:42,685 - INFO - Hotkey Ctrl+Alt+S detected
2026-04-02 21:26:42,686 - INFO - Initiating Area Capture...
2026-04-02 21:26:51,609 - INFO - Hotkey Ctrl+Alt+S detected
2026-04-02 21:26:51,610 - INFO - Initiating Area Capture...
2026-04-02 21:31:47,371 - INFO - Initializing MySnapshotApp...
2026-04-02 21:31:47,395 - INFO - System Tray Icon visible.
2026-04-02 21:31:47,395 - INFO - Starting Global Hotkey Listener...
2026-04-02 21:31:47,404 - INFO - Hotkey listener started successfully.
2026-04-02 21:32:35,308 - INFO - Hotkey Ctrl+Alt+S detected
2026-04-02 21:32:35,309 - INFO - Initiating Area Capture...
2026-04-02 21:34:03,040 - INFO - Initializing MySnapshotApp...
2026-04-02 21:34:03,066 - INFO - System Tray Icon visible.
2026-04-02 21:34:03,067 - INFO - Starting Global Hotkey Listener...
2026-04-02 21:34:03,073 - INFO - Hotkey listener started successfully.
2026-04-02 21:34:06,296 - INFO - Hotkey Ctrl+Alt+S detected
2026-04-02 21:34:06,296 - INFO - Initiating Area Capture...
2026-04-02 21:39:26,309 - INFO - Initializing MySnapshotApp...
2026-04-02 21:39:26,338 - INFO - System Tray Icon visible.
2026-04-02 21:39:26,338 - INFO - Starting Global Hotkey Listener...
2026-04-02 21:39:26,357 - INFO - Hotkey listener started successfully.
2026-04-02 21:39:30,573 - INFO - Hotkey Ctrl+Alt+S detected
2026-04-02 21:39:30,574 - INFO - Initiating Area Capture...
2026-04-02 21:39:41,955 - INFO - Hotkey Ctrl+Alt+S detected
2026-04-02 21:39:41,956 - INFO - Initiating Area Capture...
2026-04-02 21:42:29,772 - INFO - Initializing MySnapshotApp...
2026-04-02 21:42:29,795 - INFO - System Tray Icon visible.
2026-04-02 21:42:29,795 - INFO - Starting Global Hotkey Listener...
2026-04-02 21:42:29,801 - INFO - Hotkey listener started successfully.
2026-04-02 21:42:32,115 - INFO - Hotkey Ctrl+Alt+S detected
2026-04-02 21:42:32,117 - INFO - Initiating Area Capture...
2026-04-02 21:42:36,624 - INFO - Hotkey Ctrl+Alt+S detected
2026-04-02 21:42:36,626 - INFO - Initiating Area Capture...
2026-04-02 21:42:43,866 - INFO - Hotkey Ctrl+Alt+B detected
2026-04-02 21:47:18,379 - INFO - Initializing MySnapshotApp...
2026-04-02 21:47:50,087 - INFO - Initializing MySnapshotApp...
2026-04-02 21:47:50,109 - INFO - System Tray Icon visible.
2026-04-02 21:47:50,110 - INFO - Starting Global Hotkey Listener...
2026-04-02 21:47:50,117 - INFO - Hotkey listener started successfully.
2026-04-02 21:47:53,191 - INFO - Hotkey Ctrl+Alt+S detected
2026-04-02 21:47:53,191 - INFO - Initiating Area Capture...
2026-04-02 21:47:56,149 - INFO - Hotkey Ctrl+Alt+S detected
2026-04-02 21:47:56,149 - INFO - Initiating Area Capture...
2026-04-02 21:48:02,319 - INFO - Hotkey Ctrl+Alt+S detected
2026-04-02 21:48:02,320 - INFO - Initiating Area Capture...
2026-04-02 21:48:05,000 - INFO - Hotkey Ctrl+Alt+S detected
2026-04-02 21:48:05,000 - INFO - Initiating Area Capture...
2026-04-02 21:48:08,019 - INFO - Hotkey Ctrl+Alt+S detected
2026-04-02 21:48:08,019 - INFO - Initiating Area Capture...
2026-04-02 21:48:09,047 - INFO - Hotkey Ctrl+Alt+S detected
2026-04-02 21:48:09,048 - INFO - Initiating Area Capture...
2026-04-02 21:48:14,524 - INFO - Hotkey Ctrl+Alt+S detected
2026-04-02 21:48:14,525 - INFO - Initiating Area Capture...
2026-04-02 21:48:16,216 - INFO - Hotkey Ctrl+Alt+S detected
2026-04-02 21:48:16,217 - INFO - Initiating Area Capture...
2026-04-02 21:48:20,083 - INFO - Hotkey Ctrl+Alt+S detected
2026-04-02 21:48:20,085 - INFO - Initiating Area Capture...
2026-04-02 21:48:21,131 - INFO - Hotkey Ctrl+Alt+S detected
2026-04-02 21:48:21,132 - INFO - Initiating Area Capture...
2026-04-02 21:48:22,283 - INFO - Hotkey Ctrl+Alt+S detected
2026-04-02 21:48:22,283 - INFO - Initiating Area Capture...
2026-04-02 21:48:22,839 - INFO - Hotkey Ctrl+Alt+S detected
2026-04-02 21:48:22,841 - INFO - Initiating Area Capture...
2026-04-02 21:48:23,266 - INFO - Hotkey Ctrl+Alt+S detected
2026-04-02 21:48:23,268 - INFO - Initiating Area Capture...
2026-04-02 21:48:31,861 - INFO - Hotkey Ctrl+Alt+B detected
2026-04-02 21:48:34,397 - INFO - Hotkey Ctrl+Alt+B detected
2026-04-02 21:48:44,884 - INFO - Hotkey Ctrl+Alt+S detected
2026-04-02 21:48:44,885 - INFO - Initiating Area Capture...
2026-04-02 21:48:47,155 - INFO - Hotkey Ctrl+Alt+S detected
2026-04-02 21:48:47,157 - INFO - Initiating Area Capture...
2026-04-02 21:48:47,769 - INFO - Hotkey Ctrl+Alt+S detected
2026-04-02 21:48:47,770 - INFO - Initiating Area Capture...
2026-04-02 21:48:47,973 - INFO - Hotkey Ctrl+Alt+S detected
2026-04-02 21:48:47,975 - INFO - Initiating Area Capture...
2026-04-02 21:48:48,148 - INFO - Hotkey Ctrl+Alt+S detected
2026-04-02 21:48:48,149 - INFO - Initiating Area Capture...
2026-04-02 21:48:48,413 - INFO - Hotkey Ctrl+Alt+S detected
2026-04-02 21:48:48,414 - INFO - Initiating Area Capture...
2026-04-02 21:48:51,572 - INFO - Hotkey Ctrl+Alt+S detected
2026-04-02 21:48:51,573 - INFO - Initiating Area Capture...
2026-04-02 21:48:51,936 - INFO - Hotkey Ctrl+Alt+S detected
2026-04-02 21:48:51,937 - INFO - Initiating Area Capture...
2026-04-02 21:48:52,111 - INFO - Hotkey Ctrl+Alt+S detected
2026-04-02 21:48:52,112 - INFO - Initiating Area Capture...
2026-04-02 21:48:52,830 - INFO - Hotkey Ctrl+Alt+S detected
2026-04-02 21:48:52,831 - INFO - Initiating Area Capture...
2026-04-02 21:48:54,985 - INFO - Hotkey Ctrl+Alt+S detected
2026-04-02 21:48:54,986 - INFO - Initiating Area Capture...
2026-04-02 21:48:55,716 - INFO - Hotkey Ctrl+Alt+S detected
2026-04-02 21:48:55,717 - INFO - Initiating Area Capture...
2026-04-02 21:49:21,735 - INFO - Initializing MySnapshotApp...
2026-04-02 21:49:21,757 - INFO - System Tray Icon visible.
2026-04-02 21:49:21,757 - INFO - Starting Global Hotkey Listener...
2026-04-02 21:49:21,763 - INFO - Hotkey listener started successfully.
2026-04-02 21:49:24,094 - INFO - Hotkey Ctrl+Alt+S detected
2026-04-02 21:49:24,094 - INFO - Initiating Area Capture...
2026-04-02 21:49:27,687 - INFO - Hotkey Ctrl+Alt+S detected
2026-04-02 21:49:27,687 - INFO - Initiating Area Capture...
2026-04-02 21:49:31,455 - INFO - Hotkey Ctrl+Alt+S detected
2026-04-02 21:49:31,456 - INFO - Initiating Area Capture...
2026-04-02 21:49:35,094 - INFO - Hotkey Ctrl+Alt+B detected
2026-04-02 21:52:29,960 - INFO - Initializing MySnapshotApp...
2026-04-02 21:52:29,986 - INFO - System Tray Icon visible.
2026-04-02 21:52:29,986 - INFO - Starting Global Hotkey Listener...
2026-04-02 21:52:29,992 - INFO - Hotkey listener started successfully.
2026-04-02 21:52:33,412 - INFO - Hotkey Ctrl+Alt+S detected
2026-04-02 21:52:33,413 - INFO - Initiating Area Capture...
2026-04-02 21:52:35,264 - INFO - Capture auto-saved to C:\Users\zhiqu\Pictures\MySnapshot\Default\20260402215235.png
2026-04-02 21:52:36,910 - INFO - Hotkey Ctrl+Alt+S detected
2026-04-02 21:52:36,911 - INFO - Initiating Area Capture...
2026-04-02 21:52:39,496 - INFO - Capture auto-saved to C:\Users\zhiqu\Pictures\MySnapshot\Default\20260402215239.png
2026-04-02 21:53:55,659 - INFO - Initializing MySnapshotApp...
2026-04-02 21:53:55,682 - INFO - System Tray Icon visible.
2026-04-02 21:53:55,682 - INFO - Starting Global Hotkey Listener...
2026-04-02 21:53:55,689 - INFO - Hotkey listener started successfully.
2026-04-02 21:53:57,808 - INFO - Hotkey Ctrl+Alt+S detected
2026-04-02 21:53:57,808 - INFO - Initiating Area Capture...
2026-04-02 21:53:59,065 - INFO - Capture auto-saved to C:\Users\zhiqu\Pictures\MySnapshot\Default\20260402215359.png
2026-04-02 21:54:00,961 - INFO - Hotkey Ctrl+Alt+B detected
2026-04-02 22:06:10,717 - INFO - Initializing MySnapshotApp...
2026-04-02 22:06:10,742 - INFO - System Tray Icon visible.
2026-04-02 22:06:10,743 - INFO - Starting Global Hotkey Listener...
2026-04-02 22:06:10,752 - INFO - Hotkey listener started successfully.
2026-04-02 22:06:15,226 - INFO - Hotkey Ctrl+Alt+S detected
2026-04-02 22:06:15,227 - INFO - Initiating Area Capture...
2026-04-02 22:06:16,691 - INFO - Capture auto-saved to C:\Users\zhiqu\Pictures\MySnapshot\Default\20260402220616.png
2026-04-02 22:09:22,330 - INFO - Initializing MySnapshotApp...
2026-04-02 22:09:22,360 - INFO - System Tray Icon visible.
2026-04-02 22:09:22,360 - INFO - Starting Global Hotkey Listener...
2026-04-02 22:09:22,367 - INFO - Hotkey listener started successfully.
2026-04-02 22:09:27,246 - INFO - Hotkey Ctrl+Alt+S detected
2026-04-02 22:09:27,248 - INFO - Initiating Area Capture...
2026-04-02 22:09:28,943 - INFO - Capture auto-saved to C:\Users\zhiqu\Pictures\MySnapshot\Default\20260402220928.png
2026-04-02 22:09:31,258 - INFO - Hotkey Ctrl+Alt+S detected
2026-04-02 22:09:31,260 - INFO - Initiating Area Capture...
2026-04-02 22:09:32,437 - INFO - Capture auto-saved to C:\Users\zhiqu\Pictures\MySnapshot\Default\20260402220932.png
2026-04-02 22:10:42,638 - INFO - Initializing MySnapshotApp...
2026-04-02 22:10:42,664 - INFO - System Tray Icon visible.
2026-04-02 22:10:42,664 - INFO - Starting Global Hotkey Listener...
2026-04-02 22:10:42,671 - INFO - Hotkey listener started successfully.
2026-04-02 22:10:46,433 - INFO - Hotkey Ctrl+Alt+B detected
2026-04-02 22:12:57,301 - INFO - Initializing MySnapshotApp...
2026-04-02 22:12:57,325 - INFO - System Tray Icon visible.
2026-04-02 22:12:57,325 - INFO - Starting Global Hotkey Listener...
2026-04-02 22:12:57,333 - INFO - Hotkey listener started successfully.
2026-04-02 22:12:59,659 - INFO - Hotkey Ctrl+Alt+B detected
2026-04-02 22:15:29,967 - INFO - Initializing MySnapshotApp...
2026-04-02 22:15:29,992 - INFO - System Tray Icon visible.
2026-04-02 22:15:29,993 - INFO - Starting Global Hotkey Listener...
2026-04-02 22:15:29,999 - INFO - Hotkey listener started successfully.
2026-04-02 22:15:32,562 - INFO - Hotkey Ctrl+Alt+B detected
